::1 - - [27/Apr/2018:08:33:08 +0200] "GET /phpmyadmin HTTP/1.1" 301 241
::1 - - [27/Apr/2018:08:33:08 +0200] "GET /phpmyadmin/ HTTP/1.1" 200 8032
::1 - - [27/Apr/2018:08:33:08 +0200] "GET /phpmyadmin/ HTTP/1.1" 200 8032
::1 - - [27/Apr/2018:08:33:09 +0200] "GET /phpmyadmin/themes/pmahomme/jquery/jquery-ui-1.9.2.custom.css HTTP/1.1" 200 32739
::1 - - [27/Apr/2018:08:33:09 +0200] "GET /phpmyadmin/js/get_scripts.js.php?scripts[]=jquery/jquery-1.8.3.js&scripts[]=ajax.js&scripts[]=keyhandler.js&scripts[]=jquery/jquery-ui-1.9.2.custom.js&scripts[]=jquery/jquery.sprintf.js&scripts[]=jquery/jquery.cookie.js&scripts[]=jquery/jquery.mousewheel.js&scripts[]=jquery/jquery.event.drag-2.2.js&scripts[]=jquery/jquery-ui-timepicker-addon.js&scripts[]=jquery/jquery.ba-hashchange-1.3.js&scripts[]=jquery/jquery.debounce-1.0.5.js&scripts[]=jquery/jquery.menuResizer-1.0.js&scripts[]=rte.js&scripts[]=functions.js&scripts[]=navigation.js&scripts[]=indexes.js&scripts[]=common.js&scripts[]=codemirror/lib/codemirror.js&scripts[]=codemirror/mode/mysql/mysql.js HTTP/1.1" 200 578621
::1 - - [27/Apr/2018:08:33:09 +0200] "GET /phpmyadmin/js/messages.php?lang=es&db=&server=0&token=fcd7811bb49b7b73c79a00f5b87f2cde HTTP/1.1" 200 18338
::1 - - [27/Apr/2018:08:33:09 +0200] "GET /phpmyadmin/js/get_image.js.php?theme=pmahomme HTTP/1.1" 200 6364
::1 - - [27/Apr/2018:08:33:09 +0200] "GET /phpmyadmin/themes/pmahomme/img/logo_right.png HTTP/1.1" 200 4548
::1 - - [27/Apr/2018:08:33:09 +0200] "GET /phpmyadmin/themes/dot.gif HTTP/1.1" 200 43
::1 - - [27/Apr/2018:08:33:09 +0200] "GET /phpmyadmin/phpmyadmin.css.php?server=1&token=12b922c34ecf15d34fb5e26b1f5d596d&nocache=4574431817ltr HTTP/1.1" 200 92653
::1 - - [27/Apr/2018:08:33:09 +0200] "GET /phpmyadmin/themes/pmahomme/img/sprites.png HTTP/1.1" 200 61899
::1 - - [27/Apr/2018:08:33:16 +0200] "POST /phpmyadmin/index.php HTTP/1.1" 302 -
::1 - - [27/Apr/2018:08:33:16 +0200] "GET /phpmyadmin/index.php?token=12b922c34ecf15d34fb5e26b1f5d596d HTTP/1.1" 200 48310
::1 - - [27/Apr/2018:08:33:16 +0200] "GET /phpmyadmin/phpmyadmin.css.php?server=1&token=12b922c34ecf15d34fb5e26b1f5d596d&nocache=6099242613ltr HTTP/1.1" 200 92653
::1 - - [27/Apr/2018:08:33:17 +0200] "GET /phpmyadmin/themes/pmahomme/img/logo_left.png HTTP/1.1" 200 2327
::1 - - [27/Apr/2018:08:33:17 +0200] "GET /phpmyadmin/themes/pmahomme/img/ajax_clock_small.gif HTTP/1.1" 200 1810
::1 - - [27/Apr/2018:08:33:16 +0200] "GET /phpmyadmin/js/messages.php?lang=es&db=&server=0&token=12b922c34ecf15d34fb5e26b1f5d596d HTTP/1.1" 200 18338
::1 - - [27/Apr/2018:08:33:17 +0200] "GET /phpmyadmin/themes/pmahomme/img/left_nav_bg.png HTTP/1.1" 200 297
::1 - - [27/Apr/2018:08:33:17 +0200] "GET /phpmyadmin/version_check.php?&_nocache=1524810797512625998 HTTP/1.1" 200 41
::1 - - [27/Apr/2018:08:33:31 +0200] "GET /phpmyadmin/db_structure.php?server=1&db=esportmoh&token=12b922c34ecf15d34fb5e26b1f5d596d&ajax_request=true&ajax_page_request=true&menuHashes=a1ec32e8&_nocache=1524810811754660628 HTTP/1.1" 200 32827
::1 - - [27/Apr/2018:08:33:32 +0200] "GET /phpmyadmin/themes/pmahomme/img/arrow_ltr.png HTTP/1.1" 200 139
::1 - - [27/Apr/2018:08:33:32 +0200] "GET /phpmyadmin/js/get_scripts.js.php?scripts[]=db_structure.js&scripts[]=tbl_change.js HTTP/1.1" 200 12382
