2018-04-23 12:35:48 11332 [Note] Plugin 'FEDERATED' is disabled.
2018-04-23 12:35:49 11332 [Note] InnoDB: The InnoDB memory heap is disabled
2018-04-23 12:35:49 11332 [Note] InnoDB: Mutexes and rw_locks use Windows interlocked functions
2018-04-23 12:35:49 11332 [Note] InnoDB: Compressed tables use zlib 1.2.3
2018-04-23 12:35:49 11332 [Note] InnoDB: Not using CPU crc32 instructions
2018-04-23 12:35:49 11332 [Note] InnoDB: Initializing buffer pool, size = 128.0M
2018-04-23 12:35:49 11332 [Note] InnoDB: Completed initialization of buffer pool
2018-04-23 12:35:49 11332 [Note] InnoDB: Highest supported file format is Barracuda.
2018-04-23 12:35:49 11332 [Note] InnoDB: The log sequence numbers 1626134 and 1626134 in ibdata files do not match the log sequence number 1669858 in the ib_logfiles!
2018-04-23 12:35:49 11332 [Note] InnoDB: Database was not shutdown normally!
2018-04-23 12:35:49 11332 [Note] InnoDB: Starting crash recovery.
2018-04-23 12:35:49 11332 [Note] InnoDB: Reading tablespace information from the .ibd files...
2018-04-23 12:35:49 11332 [Note] InnoDB: Restoring possible half-written data pages 
2018-04-23 12:35:49 11332 [Note] InnoDB: from the doublewrite buffer...
2018-04-23 12:35:49 11332 [Note] InnoDB: 128 rollback segment(s) are active.
2018-04-23 12:35:50 11332 [Note] InnoDB: Waiting for purge to start
2018-04-23 12:35:50 11332 [Note] InnoDB: 5.6.13 started; log sequence number 1669858
2018-04-23 12:35:50 11332 [Note] Server hostname (bind-address): '*'; port: 3307
2018-04-23 12:35:50 11332 [Note] IPv6 is available.
2018-04-23 12:35:50 11332 [Note]   - '::' resolves to '::';
2018-04-23 12:35:50 11332 [Note] Server socket created on IP: '::'.
2018-04-23 12:35:50 11332 [Note] Event Scheduler: Loaded 0 events
2018-04-23 12:35:50 11332 [Note] C:\GITHUB_MIGUEL_OLMO_NO_BORRAR\ORG_ORIGINAL_PROYECTO_ESPORT_G6\PROYECTO_ESPORT_G6\SOFTWARE\USBWebserver v8.6/mysql/bin/mysqld_usbwv8.exe: ready for connections.
Version: '5.6.13'  socket: ''  port: 3307  MySQL Community Server (GPL)
2018-04-23 12:43:14 9608 [Note] Plugin 'FEDERATED' is disabled.
2018-04-23 12:43:14 9608 [Note] InnoDB: The InnoDB memory heap is disabled
2018-04-23 12:43:14 9608 [Note] InnoDB: Mutexes and rw_locks use Windows interlocked functions
2018-04-23 12:43:14 9608 [Note] InnoDB: Compressed tables use zlib 1.2.3
2018-04-23 12:43:14 9608 [Note] InnoDB: Not using CPU crc32 instructions
2018-04-23 12:43:14 9608 [Note] InnoDB: Initializing buffer pool, size = 128.0M
2018-04-23 12:43:14 9608 [Note] InnoDB: Completed initialization of buffer pool
2018-04-23 12:43:14 9608 [Note] InnoDB: Highest supported file format is Barracuda.
2018-04-23 12:43:14 9608 [Note] InnoDB: The log sequence numbers 1626134 and 1626134 in ibdata files do not match the log sequence number 1669868 in the ib_logfiles!
2018-04-23 12:43:14 9608 [Note] InnoDB: Database was not shutdown normally!
2018-04-23 12:43:14 9608 [Note] InnoDB: Starting crash recovery.
2018-04-23 12:43:14 9608 [Note] InnoDB: Reading tablespace information from the .ibd files...
2018-04-23 12:43:14 9608 [Note] InnoDB: Restoring possible half-written data pages 
2018-04-23 12:43:14 9608 [Note] InnoDB: from the doublewrite buffer...
2018-04-23 12:43:15 9608 [Note] InnoDB: 128 rollback segment(s) are active.
2018-04-23 12:43:15 9608 [Note] InnoDB: Waiting for purge to start
2018-04-23 12:43:15 9608 [Note] InnoDB: 5.6.13 started; log sequence number 1669868
2018-04-23 12:43:15 9608 [Note] Server hostname (bind-address): '*'; port: 3307
2018-04-23 12:43:15 9608 [Note] IPv6 is available.
2018-04-23 12:43:15 9608 [Note]   - '::' resolves to '::';
2018-04-23 12:43:15 9608 [Note] Server socket created on IP: '::'.
