::1 - - [25/Apr/2018:13:32:24 +0200] "GET /phpmyadmin HTTP/1.1" 301 241
::1 - - [25/Apr/2018:13:32:24 +0200] "GET /phpmyadmin/ HTTP/1.1" 200 7997
::1 - - [25/Apr/2018:13:32:26 +0200] "GET /phpmyadmin/js/get_scripts.js.php?scripts[]=jquery/jquery-1.8.3.js&scripts[]=ajax.js&scripts[]=keyhandler.js&scripts[]=jquery/jquery-ui-1.9.2.custom.js&scripts[]=jquery/jquery.sprintf.js&scripts[]=jquery/jquery.cookie.js&scripts[]=jquery/jquery.mousewheel.js&scripts[]=jquery/jquery.event.drag-2.2.js&scripts[]=jquery/jquery-ui-timepicker-addon.js&scripts[]=jquery/jquery.ba-hashchange-1.3.js&scripts[]=jquery/jquery.debounce-1.0.5.js&scripts[]=jquery/jquery.menuResizer-1.0.js&scripts[]=rte.js&scripts[]=functions.js&scripts[]=navigation.js&scripts[]=indexes.js&scripts[]=common.js&scripts[]=codemirror/lib/codemirror.js&scripts[]=codemirror/mode/mysql/mysql.js HTTP/1.1" 200 578562
::1 - - [25/Apr/2018:13:32:26 +0200] "GET /phpmyadmin/js/messages.php?lang=es&db=&server=0&token=a85ee16728c69e59de27fd701a46095a HTTP/1.1" 200 18333
::1 - - [25/Apr/2018:13:32:26 +0200] "GET /phpmyadmin/phpmyadmin.css.php?server=1&token=fffa000d44e692ce5a256bdb65acd5bf&nocache=4572272690ltr HTTP/1.1" 200 88608
::1 - - [25/Apr/2018:13:32:26 +0200] "GET /phpmyadmin/js/get_image.js.php?theme=pmahomme HTTP/1.1" 200 6263
::1 - - [25/Apr/2018:13:32:26 +0200] "GET /phpmyadmin/themes/dot.gif HTTP/1.1" 200 43
::1 - - [25/Apr/2018:13:32:26 +0200] "GET /phpmyadmin/themes/pmahomme/img/logo_right.png HTTP/1.1" 200 4548
::1 - - [25/Apr/2018:13:32:26 +0200] "GET /phpmyadmin/themes/pmahomme/img/sprites.png HTTP/1.1" 200 61899
::1 - - [25/Apr/2018:13:32:26 +0200] "GET /phpmyadmin/favicon.ico HTTP/1.1" 200 18902
::1 - - [25/Apr/2018:13:32:27 +0200] "POST /phpmyadmin/index.php HTTP/1.1" 302 -
::1 - - [25/Apr/2018:13:32:28 +0200] "GET /phpmyadmin/index.php?token=fffa000d44e692ce5a256bdb65acd5bf HTTP/1.1" 200 48303
::1 - - [25/Apr/2018:13:32:28 +0200] "GET /phpmyadmin/phpmyadmin.css.php?server=1&token=fffa000d44e692ce5a256bdb65acd5bf&nocache=6096928638ltr HTTP/1.1" 200 88608
::1 - - [25/Apr/2018:13:32:28 +0200] "GET /phpmyadmin/js/messages.php?lang=es&db=&server=0&token=fffa000d44e692ce5a256bdb65acd5bf HTTP/1.1" 200 18333
::1 - - [25/Apr/2018:13:32:28 +0200] "GET /phpmyadmin/themes/pmahomme/img/ajax_clock_small.gif HTTP/1.1" 200 1810
::1 - - [25/Apr/2018:13:32:28 +0200] "GET /phpmyadmin/themes/pmahomme/img/logo_left.png HTTP/1.1" 200 2327
::1 - - [25/Apr/2018:13:32:28 +0200] "GET /phpmyadmin/themes/pmahomme/img/left_nav_bg.png HTTP/1.1" 200 297
::1 - - [25/Apr/2018:13:32:28 +0200] "GET /phpmyadmin/version_check.php?&_nocache=1524655948510306977 HTTP/1.1" 200 41
::1 - - [25/Apr/2018:13:32:30 +0200] "GET /phpmyadmin/db_structure.php?server=1&db=esportmoh&token=fffa000d44e692ce5a256bdb65acd5bf&ajax_request=true&ajax_page_request=true&menuHashes=7b9d3cdc&_nocache=1524655950876532498 HTTP/1.1" 200 32794
::1 - - [25/Apr/2018:13:32:31 +0200] "GET /phpmyadmin/js/get_scripts.js.php?scripts[]=db_structure.js&scripts[]=tbl_change.js HTTP/1.1" 200 12382
::1 - - [25/Apr/2018:13:32:32 +0200] "GET /phpmyadmin/index.php?token=fffa000d44e692ce5a256bdb65acd5bf&ajax_request=true&ajax_page_request=true&menuHashes=7b9d3cdc-a163c9e8&_nocache=152465595273028943 HTTP/1.1" 200 42699
::1 - - [25/Apr/2018:13:32:32 +0200] "GET /phpmyadmin/version_check.php?&_nocache=1524655952958953056 HTTP/1.1" 200 41
::1 - - [25/Apr/2018:13:32:33 +0200] "GET /phpmyadmin/index.php?token=fffa000d44e692ce5a256bdb65acd5bf&ajax_request=true&ajax_page_request=true&menuHashes=7b9d3cdc-a163c9e8&_nocache=1524655953464219549 HTTP/1.1" 200 42699
::1 - - [25/Apr/2018:13:32:33 +0200] "GET /phpmyadmin/version_check.php?&_nocache=1524655953674661262 HTTP/1.1" 200 41
::1 - - [25/Apr/2018:13:32:34 +0200] "GET /phpmyadmin/server_databases.php?db=&token=fffa000d44e692ce5a256bdb65acd5bf&ajax_request=true&ajax_page_request=true&menuHashes=7b9d3cdc-a163c9e8&_nocache=1524655954200243705 HTTP/1.1" 200 40759
::1 - - [25/Apr/2018:13:32:34 +0200] "GET /phpmyadmin/js/get_scripts.js.php?scripts[]=server_databases.js HTTP/1.1" 200 1818
::1 - - [25/Apr/2018:13:32:39 +0200] "GET /phpmyadmin/themes/pmahomme/jquery/images/ui-bg_flat_75_ffffff_40x100.png HTTP/1.1" 200 178
::1 - - [25/Apr/2018:13:32:40 +0200] "POST /phpmyadmin/server_databases.php?pos=0&dbstats=0&sort_by=SCHEMA_NAME&sort_order=asc&drop_selected_dbs=1&token=fffa000d44e692ce5a256bdb65acd5bf&selected_dbs%5B%5D=esportmoh&drop_selected_dbs=1&is_js_confirmed=1&ajax_request=true HTTP/1.1" 200 190
::1 - - [25/Apr/2018:13:32:41 +0200] "POST /phpmyadmin/navigation.php?ajax_request=1&token=fffa000d44e692ce5a256bdb65acd5bf HTTP/1.1" 200 666
::1 - - [25/Apr/2018:13:32:43 +0200] "POST /phpmyadmin/db_create.php HTTP/1.1" 200 2425
::1 - - [25/Apr/2018:13:32:44 +0200] "POST /phpmyadmin/navigation.php?ajax_request=1&token=fffa000d44e692ce5a256bdb65acd5bf HTTP/1.1" 200 1293
::1 - - [25/Apr/2018:13:32:47 +0200] "GET /phpmyadmin/db_structure.php?server=1&db=esportmoh&token=fffa000d44e692ce5a256bdb65acd5bf&ajax_request=true&ajax_page_request=true&menuHashes=7b9d3cdc-a163c9e8-ffce4962&_nocache=1524655967826499348 HTTP/1.1" 200 2488
::1 - - [25/Apr/2018:13:32:49 +0200] "GET /phpmyadmin/db_import.php?db=esportmoh&token=fffa000d44e692ce5a256bdb65acd5bf&ajax_request=true&ajax_page_request=true&menuHashes=7b9d3cdc-a163c9e8-ffce4962&_nocache=1524655969242404908 HTTP/1.1" 200 16191
::1 - - [25/Apr/2018:13:32:49 +0200] "GET /phpmyadmin/js/get_scripts.js.php?scripts[]=import.js HTTP/1.1" 200 1584
::1 - - [25/Apr/2018:13:33:09 +0200] "POST /phpmyadmin/import.php HTTP/1.1" 200 17386
::1 - - [25/Apr/2018:13:33:09 +0200] "GET /phpmyadmin/js/messages.php?lang=es&db=esportmoh&server=0&token=fffa000d44e692ce5a256bdb65acd5bf HTTP/1.1" 200 18333
::1 - - [25/Apr/2018:13:33:45 +0200] "GET /phpmyadmin/db_structure.php?server=1&db=esportmoh&token=fffa000d44e692ce5a256bdb65acd5bf&ajax_request=true&ajax_page_request=true&_nocache=1524656025360845379 HTTP/1.1" 200 5676
::1 - - [25/Apr/2018:13:33:47 +0200] "GET /phpmyadmin/db_import.php?db=esportmoh&token=fffa000d44e692ce5a256bdb65acd5bf&ajax_request=true&ajax_page_request=true&menuHashes=a163c9e8&_nocache=1524656027848804583 HTTP/1.1" 200 16191
::1 - - [25/Apr/2018:13:33:52 +0200] "POST /phpmyadmin/import.php HTTP/1.1" 200 59151
::1 - - [25/Apr/2018:13:34:09 +0200] "GET /phpmyadmin/js/get_scripts.js.php?scripts[]=jquery/jquery-1.8.3.js&scripts[]=ajax.js&scripts[]=keyhandler.js&scripts[]=jquery/jquery-ui-1.9.2.custom.js&scripts[]=jquery/jquery.sprintf.js&scripts[]=jquery/jquery.cookie.js&scripts[]=jquery/jquery.mousewheel.js&scripts[]=jquery/jquery.event.drag-2.2.js&scripts[]=jquery/jquery-ui-timepicker-addon.js&scripts[]=jquery/jquery.ba-hashchange-1.3.js&scripts[]=jquery/jquery.debounce-1.0.5.js&scripts[]=jquery/jquery.menuResizer-1.0.js&scripts[]=rte.js&scripts[]=functions.js&scripts[]=navigation.js&scripts[]=indexes.js&scripts[]=common.js&scripts[]=import.js&scripts[]=codemirror/lib/codemirror.js&scripts[]=codemirror/mode/mysql/mysql.js HTTP/1.1" 200 580146
127.0.0.1 - - [25/Apr/2018:13:34:18 +0200] "GET /phpmyadmin/db_structure.php?server=1&db=esportmoh&token=fffa000d44e692ce5a256bdb65acd5bf&ajax_request=true&ajax_page_request=true&_nocache=152465605794855099 HTTP/1.1" 200 32788
::1 - - [25/Apr/2018:13:34:33 +0200] "GET /phpmyadmin/db_datadict.php?db=esportmoh&token=fffa000d44e692ce5a256bdb65acd5bf&goto=db_structure.php HTTP/1.1" 200 23617
::1 - - [25/Apr/2018:13:34:34 +0200] "GET /phpmyadmin/print.css HTTP/1.1" 200 1213
::1 - - [25/Apr/2018:13:34:34 +0200] "GET /favicon.ico HTTP/1.1" 404 209
::1 - - [25/Apr/2018:13:34:51 +0200] "GET /phpmyadmin/sql.php?db=esportmoh&token=fffa000d44e692ce5a256bdb65acd5bf&goto=db_structure.php&table=administrador&pos=0&ajax_request=true&ajax_page_request=true&menuHashes=a163c9e8&_nocache=1524656091530450128 HTTP/1.1" 200 21346
::1 - - [25/Apr/2018:13:34:51 +0200] "GET /phpmyadmin/js/get_scripts.js.php?scripts[]=tbl_structure.js&scripts[]=gis_data_editor.js&scripts[]=makegrid.js&scripts[]=sql.js HTTP/1.1" 200 50287
::1 - - [25/Apr/2018:13:34:51 +0200] "GET /phpmyadmin/index.php?ajax_request=1&recent_table=1&token=fffa000d44e692ce5a256bdb65acd5bf HTTP/1.1" 200 231
::1 - - [25/Apr/2018:13:34:54 +0200] "GET /phpmyadmin/tbl_structure.php?db=esportmoh&table=administrador&token=fffa000d44e692ce5a256bdb65acd5bf&ajax_request=true&ajax_page_request=true&menuHashes=a163c9e8-4798e1a7&_nocache=1524656094754302209 HTTP/1.1" 200 41465
::1 - - [25/Apr/2018:13:34:54 +0200] "GET /phpmyadmin/index.php?ajax_request=1&recent_table=1&token=fffa000d44e692ce5a256bdb65acd5bf HTTP/1.1" 200 231
::1 - - [25/Apr/2018:13:34:58 +0200] "GET /phpmyadmin/tbl_relation.php?db=esportmoh&table=administrador&token=fffa000d44e692ce5a256bdb65acd5bf&goto=tbl_structure.php&back=tbl_structure.php&ajax_request=true&ajax_page_request=true&menuHashes=a163c9e8-4798e1a7-cf3f8f69&_nocache=1524656098162261402 HTTP/1.1" 200 15937
::1 - - [25/Apr/2018:13:34:58 +0200] "GET /phpmyadmin/js/get_scripts.js.php?scripts[]=tbl_relation.js HTTP/1.1" 200 453
::1 - - [25/Apr/2018:13:34:58 +0200] "GET /phpmyadmin/index.php?ajax_request=1&recent_table=1&token=fffa000d44e692ce5a256bdb65acd5bf HTTP/1.1" 200 231
::1 - - [25/Apr/2018:13:35:11 +0200] "GET /phpmyadmin/db_structure.php?db=esportmoh&token=fffa000d44e692ce5a256bdb65acd5bf&ajax_request=true&ajax_page_request=true&menuHashes=a163c9e8-4798e1a7-cf3f8f69-5a8991b4&_nocache=1524656111260712193 HTTP/1.1" 200 29598
::1 - - [25/Apr/2018:13:35:12 +0200] "GET /phpmyadmin/sql.php?db=esportmoh&token=fffa000d44e692ce5a256bdb65acd5bf&goto=db_structure.php&table=duenio&pos=0&ajax_request=true&ajax_page_request=true&menuHashes=a163c9e8-4798e1a7-cf3f8f69-5a8991b4&_nocache=1524656112808544438 HTTP/1.1" 200 10392
::1 - - [25/Apr/2018:13:35:12 +0200] "GET /phpmyadmin/index.php?ajax_request=1&recent_table=1&token=fffa000d44e692ce5a256bdb65acd5bf HTTP/1.1" 200 355
::1 - - [25/Apr/2018:13:35:14 +0200] "GET /phpmyadmin/tbl_structure.php?db=esportmoh&table=duenio&token=fffa000d44e692ce5a256bdb65acd5bf&ajax_request=true&ajax_page_request=true&menuHashes=a163c9e8-4798e1a7-cf3f8f69-5a8991b4-90737aa8&_nocache=1524656114068619787 HTTP/1.1" 200 40660
::1 - - [25/Apr/2018:13:35:14 +0200] "GET /phpmyadmin/index.php?ajax_request=1&recent_table=1&token=fffa000d44e692ce5a256bdb65acd5bf HTTP/1.1" 200 355
::1 - - [25/Apr/2018:13:35:15 +0200] "GET /phpmyadmin/tbl_relation.php?db=esportmoh&table=duenio&token=fffa000d44e692ce5a256bdb65acd5bf&goto=tbl_structure.php&back=tbl_structure.php&ajax_request=true&ajax_page_request=true&menuHashes=a163c9e8-4798e1a7-cf3f8f69-5a8991b4-90737aa8-07a80327&_nocache=1524656115274137203 HTTP/1.1" 200 15741
::1 - - [25/Apr/2018:13:35:15 +0200] "GET /phpmyadmin/index.php?ajax_request=1&recent_table=1&token=fffa000d44e692ce5a256bdb65acd5bf HTTP/1.1" 200 355
::1 - - [25/Apr/2018:13:35:24 +0200] "GET /phpmyadmin/db_structure.php?db=esportmoh&token=fffa000d44e692ce5a256bdb65acd5bf&ajax_request=true&ajax_page_request=true&menuHashes=a163c9e8-4798e1a7-cf3f8f69-5a8991b4-90737aa8-07a80327-de3cea47&_nocache=1524656124868767463 HTTP/1.1" 200 29598
::1 - - [25/Apr/2018:13:35:26 +0200] "GET /phpmyadmin/sql.php?db=esportmoh&token=fffa000d44e692ce5a256bdb65acd5bf&goto=db_structure.php&table=equipo&pos=0&ajax_request=true&ajax_page_request=true&menuHashes=a163c9e8-4798e1a7-cf3f8f69-5a8991b4-90737aa8-07a80327-de3cea47&_nocache=1524656126364962142 HTTP/1.1" 200 10392
::1 - - [25/Apr/2018:13:35:26 +0200] "GET /phpmyadmin/index.php?ajax_request=1&recent_table=1&token=fffa000d44e692ce5a256bdb65acd5bf HTTP/1.1" 200 479
::1 - - [25/Apr/2018:13:35:27 +0200] "GET /phpmyadmin/tbl_structure.php?db=esportmoh&table=equipo&token=fffa000d44e692ce5a256bdb65acd5bf&ajax_request=true&ajax_page_request=true&menuHashes=4798e1a7-cf3f8f69-5a8991b4-90737aa8-07a80327-de3cea47-2a525299&_nocache=1524656127502536104 HTTP/1.1" 200 48645
::1 - - [25/Apr/2018:13:35:27 +0200] "GET /phpmyadmin/index.php?ajax_request=1&recent_table=1&token=fffa000d44e692ce5a256bdb65acd5bf HTTP/1.1" 200 479
::1 - - [25/Apr/2018:13:35:28 +0200] "GET /phpmyadmin/tbl_relation.php?db=esportmoh&table=equipo&token=fffa000d44e692ce5a256bdb65acd5bf&goto=tbl_structure.php&back=tbl_structure.php&ajax_request=true&ajax_page_request=true&menuHashes=cf3f8f69-5a8991b4-90737aa8-07a80327-de3cea47-2a525299-5b267242&_nocache=1524656128520115059 HTTP/1.1" 200 16293
::1 - - [25/Apr/2018:13:35:28 +0200] "GET /phpmyadmin/index.php?ajax_request=1&recent_table=1&token=fffa000d44e692ce5a256bdb65acd5bf HTTP/1.1" 200 479
::1 - - [25/Apr/2018:13:35:39 +0200] "GET /phpmyadmin/db_structure.php?db=esportmoh&token=fffa000d44e692ce5a256bdb65acd5bf&ajax_request=true&ajax_page_request=true&menuHashes=5a8991b4-90737aa8-07a80327-de3cea47-2a525299-5b267242-3c93a102&_nocache=1524656138996945841 HTTP/1.1" 200 32786
::1 - - [25/Apr/2018:13:35:40 +0200] "GET /phpmyadmin/sql.php?db=esportmoh&token=fffa000d44e692ce5a256bdb65acd5bf&goto=db_structure.php&table=jornada&pos=0&ajax_request=true&ajax_page_request=true&menuHashes=90737aa8-07a80327-de3cea47-2a525299-5b267242-3c93a102-a163c9e8&_nocache=1524656140624938508 HTTP/1.1" 200 10432
::1 - - [25/Apr/2018:13:35:40 +0200] "GET /phpmyadmin/index.php?ajax_request=1&recent_table=1&token=fffa000d44e692ce5a256bdb65acd5bf HTTP/1.1" 200 605
::1 - - [25/Apr/2018:13:35:41 +0200] "GET /phpmyadmin/tbl_structure.php?db=esportmoh&table=jornada&token=fffa000d44e692ce5a256bdb65acd5bf&ajax_request=true&ajax_page_request=true&menuHashes=07a80327-de3cea47-2a525299-5b267242-3c93a102-a163c9e8-5075fe04&_nocache=1524656141712466855 HTTP/1.1" 200 37449
::1 - - [25/Apr/2018:13:35:41 +0200] "GET /phpmyadmin/index.php?ajax_request=1&recent_table=1&token=fffa000d44e692ce5a256bdb65acd5bf HTTP/1.1" 200 605
::1 - - [25/Apr/2018:13:35:44 +0200] "GET /phpmyadmin/tbl_relation.php?db=esportmoh&table=jornada&token=fffa000d44e692ce5a256bdb65acd5bf&goto=tbl_structure.php&back=tbl_structure.php&ajax_request=true&ajax_page_request=true&menuHashes=de3cea47-2a525299-5b267242-3c93a102-a163c9e8-5075fe04-06c7d490&_nocache=1524656144260612239 HTTP/1.1" 200 12027
::1 - - [25/Apr/2018:13:35:44 +0200] "GET /phpmyadmin/index.php?ajax_request=1&recent_table=1&token=fffa000d44e692ce5a256bdb65acd5bf HTTP/1.1" 200 605
::1 - - [25/Apr/2018:13:35:49 +0200] "GET /phpmyadmin/db_structure.php?db=esportmoh&token=fffa000d44e692ce5a256bdb65acd5bf&ajax_request=true&ajax_page_request=true&menuHashes=2a525299-5b267242-3c93a102-a163c9e8-5075fe04-06c7d490-d64ac85c&_nocache=1524656149042156948 HTTP/1.1" 200 29598
::1 - - [25/Apr/2018:13:35:50 +0200] "GET /phpmyadmin/sql.php?db=esportmoh&token=fffa000d44e692ce5a256bdb65acd5bf&goto=db_structure.php&table=jugador&pos=0&ajax_request=true&ajax_page_request=true&menuHashes=2a525299-5b267242-3c93a102-a163c9e8-5075fe04-06c7d490-d64ac85c&_nocache=1524656150606624611 HTTP/1.1" 200 10432
::1 - - [25/Apr/2018:13:35:50 +0200] "GET /phpmyadmin/index.php?ajax_request=1&recent_table=1&token=fffa000d44e692ce5a256bdb65acd5bf HTTP/1.1" 200 731
::1 - - [25/Apr/2018:13:35:51 +0200] "GET /phpmyadmin/tbl_structure.php?db=esportmoh&table=jugador&token=fffa000d44e692ce5a256bdb65acd5bf&ajax_request=true&ajax_page_request=true&menuHashes=5b267242-3c93a102-a163c9e8-5075fe04-06c7d490-d64ac85c-56ceaf0e&_nocache=1524656151652321250 HTTP/1.1" 200 61451
::1 - - [25/Apr/2018:13:35:51 +0200] "GET /phpmyadmin/index.php?ajax_request=1&recent_table=1&token=fffa000d44e692ce5a256bdb65acd5bf HTTP/1.1" 200 731
::1 - - [25/Apr/2018:13:35:53 +0200] "GET /phpmyadmin/tbl_relation.php?db=esportmoh&table=jugador&token=fffa000d44e692ce5a256bdb65acd5bf&goto=tbl_structure.php&back=tbl_structure.php&ajax_request=true&ajax_page_request=true&menuHashes=3c93a102-a163c9e8-5075fe04-06c7d490-d64ac85c-56ceaf0e-3c0ca78d&_nocache=1524656153856624333 HTTP/1.1" 200 17083
::1 - - [25/Apr/2018:13:35:54 +0200] "GET /phpmyadmin/index.php?ajax_request=1&recent_table=1&token=fffa000d44e692ce5a256bdb65acd5bf HTTP/1.1" 200 731
127.0.0.1 - - [25/Apr/2018:13:36:01 +0200] "GET /phpmyadmin/db_structure.php?db=esportmoh&token=fffa000d44e692ce5a256bdb65acd5bf&ajax_request=true&ajax_page_request=true&menuHashes=a163c9e8-5075fe04-06c7d490-d64ac85c-56ceaf0e-3c0ca78d-42b1f0b1&_nocache=1524656160908251873 HTTP/1.1" 200 29598
127.0.0.1 - - [25/Apr/2018:13:36:06 +0200] "GET /phpmyadmin/sql.php?db=esportmoh&token=fffa000d44e692ce5a256bdb65acd5bf&goto=db_structure.php&table=login&pos=0&ajax_request=true&ajax_page_request=true&menuHashes=a163c9e8-5075fe04-06c7d490-d64ac85c-56ceaf0e-3c0ca78d-42b1f0b1&_nocache=1524656166932260204 HTTP/1.1" 200 20377
::1 - - [25/Apr/2018:13:36:07 +0200] "GET /phpmyadmin/index.php?ajax_request=1&recent_table=1&token=fffa000d44e692ce5a256bdb65acd5bf HTTP/1.1" 200 853
127.0.0.1 - - [25/Apr/2018:13:36:09 +0200] "GET /phpmyadmin/tbl_structure.php?db=esportmoh&table=login&token=fffa000d44e692ce5a256bdb65acd5bf&ajax_request=true&ajax_page_request=true&menuHashes=5075fe04-06c7d490-d64ac85c-56ceaf0e-3c0ca78d-42b1f0b1-858b26ea&_nocache=152465616933845598 HTTP/1.1" 200 34262
::1 - - [25/Apr/2018:13:36:09 +0200] "GET /phpmyadmin/index.php?ajax_request=1&recent_table=1&token=fffa000d44e692ce5a256bdb65acd5bf HTTP/1.1" 200 853
127.0.0.1 - - [25/Apr/2018:13:36:10 +0200] "GET /phpmyadmin/tbl_relation.php?db=esportmoh&table=login&token=fffa000d44e692ce5a256bdb65acd5bf&goto=tbl_structure.php&back=tbl_structure.php&ajax_request=true&ajax_page_request=true&menuHashes=70737706-06c7d490-d64ac85c-56ceaf0e-3c0ca78d-42b1f0b1-858b26ea&_nocache=1524656170970941154 HTTP/1.1" 200 11677
::1 - - [25/Apr/2018:13:36:11 +0200] "GET /phpmyadmin/index.php?ajax_request=1&recent_table=1&token=fffa000d44e692ce5a256bdb65acd5bf HTTP/1.1" 200 853
127.0.0.1 - - [25/Apr/2018:13:36:16 +0200] "GET /phpmyadmin/sql.php?db=esportmoh&table=login&token=fffa000d44e692ce5a256bdb65acd5bf&ajax_request=true&ajax_page_request=true&menuHashes=70737706-d64ac85c-56ceaf0e-3c0ca78d-42b1f0b1-858b26ea-2ddc865c&_nocache=1524656176692848260 HTTP/1.1" 200 17300
127.0.0.1 - - [25/Apr/2018:13:36:16 +0200] "GET /phpmyadmin/index.php?ajax_request=1&recent_table=1&token=fffa000d44e692ce5a256bdb65acd5bf HTTP/1.1" 200 853
127.0.0.1 - - [25/Apr/2018:13:36:18 +0200] "GET /phpmyadmin/tbl_structure.php?db=esportmoh&table=login&token=fffa000d44e692ce5a256bdb65acd5bf&ajax_request=true&ajax_page_request=true&menuHashes=70737706-d64ac85c-56ceaf0e-3c0ca78d-42b1f0b1-858b26ea-2ddc865c&_nocache=1524656178188506657 HTTP/1.1" 200 31185
127.0.0.1 - - [25/Apr/2018:13:36:18 +0200] "GET /phpmyadmin/index.php?ajax_request=1&recent_table=1&token=fffa000d44e692ce5a256bdb65acd5bf HTTP/1.1" 200 853
127.0.0.1 - - [25/Apr/2018:13:36:22 +0200] "GET /phpmyadmin/index.php?token=fffa000d44e692ce5a256bdb65acd5bf&ajax_request=true&ajax_page_request=true&menuHashes=70737706-d64ac85c-56ceaf0e-3c0ca78d-42b1f0b1-858b26ea-2ddc865c&_nocache=1524656182156213280 HTTP/1.1" 200 45564
127.0.0.1 - - [25/Apr/2018:13:36:22 +0200] "GET /phpmyadmin/version_check.php?&_nocache=1524656182298748525 HTTP/1.1" 200 41
127.0.0.1 - - [25/Apr/2018:13:36:24 +0200] "GET /phpmyadmin/server_databases.php?db=&token=fffa000d44e692ce5a256bdb65acd5bf&ajax_request=true&ajax_page_request=true&menuHashes=70737706-56ceaf0e-3c0ca78d-42b1f0b1-858b26ea-2ddc865c-7b9d3cdc&_nocache=1524656184856704242 HTTP/1.1" 200 40759
127.0.0.1 - - [25/Apr/2018:13:36:27 +0200] "GET /phpmyadmin/db_structure.php?token=fffa000d44e692ce5a256bdb65acd5bf&db=esportmoh&ajax_request=true&ajax_page_request=true&menuHashes=70737706-3c0ca78d-42b1f0b1-858b26ea-2ddc865c-7b9d3cdc-ffce4962&_nocache=1524656187296802559 HTTP/1.1" 200 32786
127.0.0.1 - - [25/Apr/2018:13:36:30 +0200] "GET /phpmyadmin/sql.php?db=esportmoh&token=fffa000d44e692ce5a256bdb65acd5bf&goto=db_structure.php&table=partido&pos=0&ajax_request=true&ajax_page_request=true&menuHashes=70737706-42b1f0b1-858b26ea-2ddc865c-7b9d3cdc-ffce4962-a163c9e8&_nocache=1524656190318250035 HTTP/1.1" 200 10432
127.0.0.1 - - [25/Apr/2018:13:36:30 +0200] "GET /phpmyadmin/index.php?ajax_request=1&recent_table=1&token=fffa000d44e692ce5a256bdb65acd5bf HTTP/1.1" 200 979
127.0.0.1 - - [25/Apr/2018:13:36:32 +0200] "GET /phpmyadmin/tbl_structure.php?db=esportmoh&table=partido&token=fffa000d44e692ce5a256bdb65acd5bf&ajax_request=true&ajax_page_request=true&menuHashes=70737706-858b26ea-2ddc865c-7b9d3cdc-ffce4962-a163c9e8-c08dcb16&_nocache=1524656192282645004 HTTP/1.1" 200 52612
127.0.0.1 - - [25/Apr/2018:13:36:32 +0200] "GET /phpmyadmin/index.php?ajax_request=1&recent_table=1&token=fffa000d44e692ce5a256bdb65acd5bf HTTP/1.1" 200 979
127.0.0.1 - - [25/Apr/2018:13:36:33 +0200] "GET /phpmyadmin/tbl_relation.php?db=esportmoh&table=partido&token=fffa000d44e692ce5a256bdb65acd5bf&goto=tbl_structure.php&back=tbl_structure.php&ajax_request=true&ajax_page_request=true&menuHashes=70737706-2ddc865c-7b9d3cdc-ffce4962-a163c9e8-c08dcb16-8a9b5b1c&_nocache=1524656193428396950 HTTP/1.1" 200 23913
127.0.0.1 - - [25/Apr/2018:13:36:33 +0200] "GET /phpmyadmin/index.php?ajax_request=1&recent_table=1&token=fffa000d44e692ce5a256bdb65acd5bf HTTP/1.1" 200 979
::1 - - [25/Apr/2018:13:36:43 +0200] "GET /phpmyadmin/db_structure.php?db=esportmoh&token=fffa000d44e692ce5a256bdb65acd5bf&ajax_request=true&ajax_page_request=true&menuHashes=2ddc865c-7b9d3cdc-ffce4962-a163c9e8-c08dcb16-8a9b5b1c-283dfbd7&_nocache=1524656203776803843 HTTP/1.1" 200 29598
::1 - - [25/Apr/2018:13:36:45 +0200] "GET /phpmyadmin/sql.php?db=esportmoh&token=fffa000d44e692ce5a256bdb65acd5bf&goto=db_structure.php&table=usuario&pos=0&ajax_request=true&ajax_page_request=true&menuHashes=2ddc865c-7b9d3cdc-ffce4962-a163c9e8-c08dcb16-8a9b5b1c-283dfbd7&_nocache=1524656205334438005 HTTP/1.1" 200 10432
::1 - - [25/Apr/2018:13:36:45 +0200] "GET /phpmyadmin/index.php?ajax_request=1&recent_table=1&token=fffa000d44e692ce5a256bdb65acd5bf HTTP/1.1" 200 1105
::1 - - [25/Apr/2018:13:36:46 +0200] "GET /phpmyadmin/tbl_structure.php?db=esportmoh&table=usuario&token=fffa000d44e692ce5a256bdb65acd5bf&ajax_request=true&ajax_page_request=true&menuHashes=7b9d3cdc-ffce4962-a163c9e8-c08dcb16-8a9b5b1c-283dfbd7-b70a4b9b&_nocache=1524656206422795821 HTTP/1.1" 200 40775
::1 - - [25/Apr/2018:13:36:46 +0200] "GET /phpmyadmin/index.php?ajax_request=1&recent_table=1&token=fffa000d44e692ce5a256bdb65acd5bf HTTP/1.1" 200 1105
::1 - - [25/Apr/2018:13:36:47 +0200] "GET /phpmyadmin/tbl_relation.php?db=esportmoh&table=usuario&token=fffa000d44e692ce5a256bdb65acd5bf&goto=tbl_structure.php&back=tbl_structure.php&ajax_request=true&ajax_page_request=true&menuHashes=92827291-ffce4962-a163c9e8-c08dcb16-8a9b5b1c-283dfbd7-b70a4b9b&_nocache=1524656207476918051 HTTP/1.1" 200 15769
::1 - - [25/Apr/2018:13:36:47 +0200] "GET /phpmyadmin/index.php?ajax_request=1&recent_table=1&token=fffa000d44e692ce5a256bdb65acd5bf HTTP/1.1" 200 1105
::1 - - [25/Apr/2018:13:37:07 +0200] "GET /phpmyadmin/db_structure.php?server=1&db=esportmoh&token=fffa000d44e692ce5a256bdb65acd5bf&ajax_request=true&ajax_page_request=true&menuHashes=92827291-a163c9e8-c08dcb16-8a9b5b1c-283dfbd7-b70a4b9b-6ae8b6f6&_nocache=1524656227118977974 HTTP/1.1" 200 29600
